\BOOKMARK [0][-]{chapter.1}{Introduction}{}% 1
\BOOKMARK [1][-]{section.1.1}{Grayscale images}{chapter.1}% 2
\BOOKMARK [2][-]{subsection.1.1.1}{Edge preservation}{section.1.1}% 3
\BOOKMARK [1][-]{section.1.2}{Color Images}{chapter.1}% 4
\BOOKMARK [1][-]{section.1.3}{Manifold-valued Images}{chapter.1}% 5
\BOOKMARK [1][-]{section.1.4}{Objective and Outline of this work}{chapter.1}% 6
\BOOKMARK [0][-]{chapter.2}{Theory}{}% 7
\BOOKMARK [1][-]{section.2.1}{Riemannian Newton Method}{chapter.2}% 8
\BOOKMARK [1][-]{section.2.2}{Algorithms}{chapter.2}% 9
\BOOKMARK [2][-]{subsection.2.2.1}{IRLS}{section.2.2}% 10
\BOOKMARK [2][-]{subsection.2.2.2}{Proximal Point}{section.2.2}% 11
\BOOKMARK [1][-]{section.2.3}{Manifolds}{chapter.2}% 12
\BOOKMARK [2][-]{subsection.2.3.1}{Euclidian}{section.2.3}% 13
\BOOKMARK [2][-]{subsection.2.3.2}{Sphere Sn}{section.2.3}% 14
\BOOKMARK [2][-]{subsection.2.3.3}{Special Orthogonal Group SO\(n\)}{section.2.3}% 15
\BOOKMARK [2][-]{subsection.2.3.4}{Symmetric Positive Definite Matrices SPD\(n\)}{section.2.3}% 16
\BOOKMARK [2][-]{subsection.2.3.5}{Grassmanian Gr\(n,p\)}{section.2.3}% 17
\BOOKMARK [1][-]{section.2.4}{Fr\351chet derivatives of matrix logarithm and square root}{chapter.2}% 18
\BOOKMARK [2][-]{subsection.2.4.1}{Derivative of the matrix square root}{section.2.4}% 19
\BOOKMARK [2][-]{subsection.2.4.2}{Derivative of the matrix logarithm}{section.2.4}% 20
\BOOKMARK [0][-]{chapter.3}{The TVMT Library}{}% 21
\BOOKMARK [1][-]{section.3.1}{Capabilities}{chapter.3}% 22
\BOOKMARK [2][-]{subsection.3.1.1}{Supported Manifolds}{section.3.1}% 23
\BOOKMARK [2][-]{subsection.3.1.2}{Data}{section.3.1}% 24
\BOOKMARK [2][-]{subsection.3.1.3}{Functionals}{section.3.1}% 25
\BOOKMARK [2][-]{subsection.3.1.4}{Minimizer}{section.3.1}% 26
\BOOKMARK [2][-]{subsection.3.1.5}{Visualizations}{section.3.1}% 27
\BOOKMARK [1][-]{section.3.2}{Design concepts}{chapter.3}% 28
\BOOKMARK [2][-]{subsection.3.2.1}{Goals}{section.3.2}% 29
\BOOKMARK [2][-]{subsection.3.2.2}{Levels of parallelization}{section.3.2}% 30
\BOOKMARK [2][-]{subsection.3.2.3}{C++ techniques}{section.3.2}% 31
\BOOKMARK [1][-]{section.3.3}{Components}{chapter.3}% 32
\BOOKMARK [2][-]{subsection.3.3.1}{Manifold classes}{section.3.3}% 33
\BOOKMARK [2][-]{subsection.3.3.2}{Data class}{section.3.3}% 34
\BOOKMARK [2][-]{subsection.3.3.3}{Functional class}{section.3.3}% 35
\BOOKMARK [2][-]{subsection.3.3.4}{TV Minimizer class}{section.3.3}% 36
\BOOKMARK [2][-]{subsection.3.3.5}{Visualization class}{section.3.3}% 37
\BOOKMARK [2][-]{subsection.3.3.6}{Utility functions}{section.3.3}% 38
\BOOKMARK [2][-]{subsection.3.3.7}{External Components}{section.3.3}% 39
\BOOKMARK [1][-]{section.3.4}{Using TVTML}{chapter.3}% 40
\BOOKMARK [2][-]{subsection.3.4.1}{Prerequisites}{section.3.4}% 41
\BOOKMARK [2][-]{subsection.3.4.2}{Installation}{section.3.4}% 42
\BOOKMARK [2][-]{subsection.3.4.3}{Compilation of own projects using CMake}{section.3.4}% 43
\BOOKMARK [2][-]{subsection.3.4.4}{Tutorial and typical use cases}{section.3.4}% 44
\BOOKMARK [0][-]{chapter.4}{Applications and Numerical Experiments}{}% 45
\BOOKMARK [1][-]{section.4.1}{Color image denoising}{chapter.4}% 46
\BOOKMARK [2][-]{subsection.4.1.1}{Grayscale}{section.4.1}% 47
\BOOKMARK [2][-]{subsection.4.1.2}{Color}{section.4.1}% 48
\BOOKMARK [2][-]{subsection.4.1.3}{Inpainting}{section.4.1}% 49
\BOOKMARK [2][-]{subsection.4.1.4}{Recolorization}{section.4.1}% 50
\BOOKMARK [2][-]{subsection.4.1.5}{Volume images}{section.4.1}% 51
\BOOKMARK [1][-]{section.4.2}{SO\(2\) and SO\(3\) images data}{chapter.4}% 52
\BOOKMARK [2][-]{subsection.4.2.1}{Synthetic data}{section.4.2}% 53
\BOOKMARK [2][-]{subsection.4.2.2}{Fingerprint orientation data}{section.4.2}% 54
\BOOKMARK [2][-]{subsection.4.2.3}{Reconstruction of a dense optical flow field}{section.4.2}% 55
\BOOKMARK [1][-]{section.4.3}{SPD\(3\) image data}{chapter.4}% 56
\BOOKMARK [2][-]{subsection.4.3.1}{Synthetic data}{section.4.3}% 57
\BOOKMARK [2][-]{subsection.4.3.2}{Diffusion Tensor MRI images}{section.4.3}% 58
\BOOKMARK [2][-]{subsection.4.3.3}{3D DT MRI data}{section.4.3}% 59
\BOOKMARK [1][-]{section.4.4}{Comparison IRLS and Proximal Point minimizers}{chapter.4}% 60
\BOOKMARK [1][-]{section.4.5}{Sensitivity to variations of the starting value}{chapter.4}% 61
\BOOKMARK [0][-]{chapter.5}{Outlook}{}% 62
\BOOKMARK [1][-]{section.5.1}{Extensions}{chapter.5}% 63
\BOOKMARK [1][-]{section.5.2}{Recursive computation on subdomains}{chapter.5}% 64
